<?xml version="1.0" encoding="UTF-8"?>
<!-- Generated by org.testng.reporters.JUnitXMLReporter -->
<testsuite ignored="0" hostname="DESKTOP-U92U93D" failures="0" tests="4" name="Default test" time="0.064" errors="0" timestamp="29 Feb 2024 06:43:22 GMT">
  <testcase classname="testng1.AnnotationsEg" name="testcase1" time="0.007"/>
  <testcase classname="testng1.AnnotationsEg" name="testcase2" time="0.002"/>
  <testcase classname="testng1.AnnotationsEg" name="testcase3" time="0.002"/>
  <testcase classname="testng1.AnnotationsEg" name="testcase4" time="0.002"/>
</testsuite> <!-- Default test -->
