<?xml version="1.0" encoding="UTF-8"?>
<!-- Generated by org.testng.reporters.JUnitXMLReporter -->
<testsuite ignored="1" hostname="DESKTOP-U92U93D" failures="0" tests="22" name="Test" time="52.691" errors="0" timestamp="2024-02-29T12:29:03 IST">
  <testcase classname="testng1.EnableFalse" name="testCase2" time="0.007"/>
  <testcase classname="testng1.EnableFalse" name="testCase3" time="0.0"/>
  <testcase classname="testng1.AnnotationsEg" name="testcase1" time="0.0"/>
  <testcase classname="testng1.AnnotationsEg" name="testcase2" time="0.0"/>
  <testcase classname="testng1.AnnotationsEg" name="testcase3" time="0.001"/>
  <testcase classname="testng1.AnnotationsEg" name="testcase4" time="0.001"/>
  <testcase classname="testng1.ParallelTesting" name="invokeEdge" time="16.339"/>
  <testcase classname="testng1.ParallelTesting" name="invokechrome" time="4.503"/>
  <testcase classname="testng1.SoftAssert" name="testSoftAssert" time="11.32"/>
  <testcase classname="testng1.Grouping" name="AddToCart" time="0.003"/>
  <testcase classname="testng1.Grouping" name="Payment" time="0.002"/>
  <testcase classname="testng1.Grouping" name="Products" time="0.0"/>
  <testcase classname="testng1.Grouping" name="login" time="0.0"/>
  <testcase classname="testng1.PriorityTesting" name="testCase1" time="0.004"/>
  <testcase classname="testng1.PriorityTesting" name="testCase2" time="0.0"/>
  <testcase classname="testng1.PriorityTesting" name="testCase3" time="0.002"/>
  <testcase classname="testng1.DependsOnMethodEg" name="testCase1" time="0.001"/>
  <testcase classname="testng1.DependsOnMethodEg" name="testCase2" time="0.0"/>
  <testcase classname="testng1.DependsOnMethodEg" name="testCase3" time="0.002"/>
  <testcase classname="testng1.InvokeChrome" name="invokechrome" time="5.306"/>
  <testcase classname="testng1.InvokeEdge" name="inovkefirefox" time="6.103"/>
  <testcase classname="testng1.HardAssert" name="SoftAssert" time="8.928"/>
  <testcase classname="testng1.EnableFalse" name="testCase1" time="0.0">
    <ignored/>
  </testcase> <!-- testCase1 -->
</testsuite> <!-- Test -->
