<?xml version="1.0" encoding="UTF-8"?>
<testng-results ignored="0" total="1" passed="1" failed="0" skipped="0">
  <reporter-output>
  </reporter-output>
  <suite started-at="2024-02-29T12:47:47 IST" name="Suite" finished-at="2024-02-29T12:47:55 IST" duration-ms="7495">
    <groups>
    </groups>
    <test started-at="2024-02-29T12:47:47 IST" name="Test" finished-at="2024-02-29T12:47:55 IST" duration-ms="7495">
      <class name="testng1.InvokeChrome">
        <test-method signature="invokechrome()[pri:0, instance:testng1.InvokeChrome@c333c60]" started-at="2024-02-29T12:47:47 IST" name="invokechrome" finished-at="2024-02-29T12:47:55 IST" duration-ms="7426" status="PASS">
          <reporter-output>
          </reporter-output>
        </test-method> <!-- invokechrome -->
      </class> <!-- testng1.InvokeChrome -->
    </test> <!-- Test -->
  </suite> <!-- Suite -->
</testng-results>
