<?xml version="1.0" encoding="UTF-8"?>
<testng-results ignored="0" total="4" passed="4" failed="0" skipped="0">
  <reporter-output>
  </reporter-output>
  <suite started-at="2024-02-29T07:10:26Z" name="Default suite" finished-at="2024-02-29T07:10:26Z" duration-ms="95">
    <groups>
    </groups>
    <test started-at="2024-02-29T07:10:26Z" name="Default test" finished-at="2024-02-29T07:10:26Z" duration-ms="95">
      <class name="testng1.AnnotationsEg">
        <test-method is-config="true" signature="beforeClass()[pri:0, instance:testng1.AnnotationsEg@7d446ed1]" started-at="2024-02-29T12:40:26Z" name="beforeClass" finished-at="2024-02-29T12:40:26Z" duration-ms="18" status="PASS">
          <reporter-output>
          </reporter-output>
        </test-method> <!-- beforeClass -->
        <test-method is-config="true" signature="beforeMethod()[pri:0, instance:testng1.AnnotationsEg@7d446ed1]" started-at="2024-02-29T12:40:26Z" name="beforeMethod" finished-at="2024-02-29T12:40:26Z" duration-ms="1" status="PASS">
          <reporter-output>
          </reporter-output>
        </test-method> <!-- beforeMethod -->
        <test-method signature="testcase1()[pri:0, instance:testng1.AnnotationsEg@7d446ed1]" started-at="2024-02-29T12:40:26Z" name="testcase1" finished-at="2024-02-29T12:40:26Z" duration-ms="8" status="PASS">
          <reporter-output>
          </reporter-output>
        </test-method> <!-- testcase1 -->
        <test-method is-config="true" signature="afterMethod()[pri:0, instance:testng1.AnnotationsEg@7d446ed1]" started-at="2024-02-29T12:40:26Z" name="afterMethod" finished-at="2024-02-29T12:40:26Z" duration-ms="0" status="PASS">
          <reporter-output>
          </reporter-output>
        </test-method> <!-- afterMethod -->
        <test-method signature="testcase2()[pri:0, instance:testng1.AnnotationsEg@7d446ed1]" started-at="2024-02-29T12:40:26Z" name="testcase2" finished-at="2024-02-29T12:40:26Z" duration-ms="3" status="PASS">
          <reporter-output>
          </reporter-output>
        </test-method> <!-- testcase2 -->
        <test-method is-config="true" signature="beforeMethod()[pri:0, instance:testng1.AnnotationsEg@7d446ed1]" started-at="2024-02-29T12:40:26Z" name="beforeMethod" finished-at="2024-02-29T12:40:26Z" duration-ms="0" status="PASS">
          <reporter-output>
          </reporter-output>
        </test-method> <!-- beforeMethod -->
        <test-method is-config="true" signature="afterMethod()[pri:0, instance:testng1.AnnotationsEg@7d446ed1]" started-at="2024-02-29T12:40:26Z" name="afterMethod" finished-at="2024-02-29T12:40:26Z" duration-ms="0" status="PASS">
          <reporter-output>
          </reporter-output>
        </test-method> <!-- afterMethod -->
        <test-method signature="testcase3()[pri:0, instance:testng1.AnnotationsEg@7d446ed1]" started-at="2024-02-29T12:40:26Z" name="testcase3" finished-at="2024-02-29T12:40:26Z" duration-ms="2" status="PASS">
          <reporter-output>
          </reporter-output>
        </test-method> <!-- testcase3 -->
        <test-method is-config="true" signature="beforeMethod()[pri:0, instance:testng1.AnnotationsEg@7d446ed1]" started-at="2024-02-29T12:40:26Z" name="beforeMethod" finished-at="2024-02-29T12:40:26Z" duration-ms="0" status="PASS">
          <reporter-output>
          </reporter-output>
        </test-method> <!-- beforeMethod -->
        <test-method is-config="true" signature="afterMethod()[pri:0, instance:testng1.AnnotationsEg@7d446ed1]" started-at="2024-02-29T12:40:26Z" name="afterMethod" finished-at="2024-02-29T12:40:26Z" duration-ms="0" status="PASS">
          <reporter-output>
          </reporter-output>
        </test-method> <!-- afterMethod -->
        <test-method is-config="true" signature="beforeMethod()[pri:0, instance:testng1.AnnotationsEg@7d446ed1]" started-at="2024-02-29T12:40:26Z" name="beforeMethod" finished-at="2024-02-29T12:40:26Z" duration-ms="0" status="PASS">
          <reporter-output>
          </reporter-output>
        </test-method> <!-- beforeMethod -->
        <test-method signature="testcase4()[pri:0, instance:testng1.AnnotationsEg@7d446ed1]" started-at="2024-02-29T12:40:26Z" name="testcase4" finished-at="2024-02-29T12:40:26Z" duration-ms="5" status="PASS">
          <reporter-output>
          </reporter-output>
        </test-method> <!-- testcase4 -->
        <test-method is-config="true" signature="afterMethod()[pri:0, instance:testng1.AnnotationsEg@7d446ed1]" started-at="2024-02-29T12:40:26Z" name="afterMethod" finished-at="2024-02-29T12:40:26Z" duration-ms="0" status="PASS">
          <reporter-output>
          </reporter-output>
        </test-method> <!-- afterMethod -->
        <test-method is-config="true" signature="afterClass()[pri:0, instance:testng1.AnnotationsEg@7d446ed1]" started-at="2024-02-29T12:40:26Z" name="afterClass" finished-at="2024-02-29T12:40:26Z" duration-ms="1" status="PASS">
          <reporter-output>
          </reporter-output>
        </test-method> <!-- afterClass -->
      </class> <!-- testng1.AnnotationsEg -->
    </test> <!-- Default test -->
  </suite> <!-- Default suite -->
</testng-results>
